[    0.000000] Linux version 4.15.0-124-generic (buildd@lgw01-amd64-029) (gcc version 7.5.0 (Ubuntu 7.5.0-3ubuntu1~18.04)) #127-Ubuntu SMP Fri Nov 6 10:54:43 UTC 2020 (Ubuntu 4.15.0-124.127-generic 4.15.18)
[    0.000000] Command line: BOOT_IMAGE=/boot/vmlinuz-4.15.0-124-generic root=LABEL=cloudimg-rootfs ro console=tty1 console=ttyS0
[    0.000000] KERNEL supported cpus:
[    0.000000]   Intel GenuineIntel
[    0.000000]   AMD AuthenticAMD
[    0.000000]   Centaur CentaurHauls
[    0.000000] x86/fpu: Supporting XSAVE feature 0x001: 'x87 floating point registers'
[    0.000000] x86/fpu: Supporting XSAVE feature 0x002: 'SSE registers'
[    0.000000] x86/fpu: Supporting XSAVE feature 0x004: 'AVX registers'
[    0.000000] x86/fpu: xstate_offset[2]:  576, xstate_sizes[2]:  256
[    0.000000] x86/fpu: Enabled xstate features 0x7, context size is 832 bytes, using 'standard' format.
[    0.000000] e820: BIOS-provided physical RAM map:
[    0.000000] BIOS-e820: [mem 0x0000000000000000-0x000000000009fbff] usable
[    0.000000] BIOS-e820: [mem 0x000000000009fc00-0x000000000009ffff] reserved
[    0.000000] BIOS-e820: [mem 0x00000000000f0000-0x00000000000fffff] reserved
[    0.000000] BIOS-e820: [mem 0x0000000000100000-0x000000003ffeffff] usable
[    0.000000] BIOS-e820: [mem 0x000000003fff0000-0x000000003fffffff] ACPI data
[    0.000000] BIOS-e820: [mem 0x00000000fec00000-0x00000000fec00fff] reserved
[    0.000000] BIOS-e820: [mem 0x00000000fee00000-0x00000000fee00fff] reserved
[    0.000000] BIOS-e820: [mem 0x00000000fffc0000-0x00000000ffffffff] reserved
[    0.000000] NX (Execute Disable) protection: active
[    0.000000] SMBIOS 2.5 present.
[    0.000000] DMI: innotek GmbH VirtualBox/VirtualBox, BIOS VirtualBox 12/01/2006
[    0.000000] Hypervisor detected: KVM
[    0.000000] e820: last_pfn = 0x3fff0 max_arch_pfn = 0x400000000
[    0.000000] MTRR: Disabled
[    0.000000] x86/PAT: MTRRs disabled, skipping PAT initialization too.
[    0.000000] CPU MTRRs all blank - virtualized system.
[    0.000000] x86/PAT: Configuration [0-7]: WB  WT  UC- UC  WB  WT  UC- UC  
[    0.000000] found SMP MP-table at [mem 0x0009fff0-0x0009ffff]
[    0.000000] Scanning 1 areas for low memory corruption
[    0.000000] RAMDISK: [mem 0x35a65000-0x36d29fff]
[    0.000000] ACPI: Early table checksum verification disabled
[    0.000000] ACPI: RSDP 0x00000000000E0000 000024 (v02 VBOX  )
[    0.000000] ACPI: XSDT 0x000000003FFF0030 00003C (v01 VBOX   VBOXXSDT 00000001 ASL  00000061)
[    0.000000] ACPI: FACP 0x000000003FFF00F0 0000F4 (v04 VBOX   VBOXFACP 00000001 ASL  00000061)
[    0.000000] ACPI: DSDT 0x000000003FFF0470 002325 (v02 VBOX   VBOXBIOS 00000002 INTL 20120111)
[    0.000000] ACPI: FACS 0x000000003FFF0200 000040
[    0.000000] ACPI: FACS 0x000000003FFF0200 000040
[    0.000000] ACPI: APIC 0x000000003FFF0240 00005C (v02 VBOX   VBOXAPIC 00000001 ASL  00000061)
[    0.000000] ACPI: SSDT 0x000000003FFF02A0 0001CC (v01 VBOX   VBOXCPUT 00000002 INTL 20120111)
[    0.000000] No NUMA configuration found
[    0.000000] Faking a node at [mem 0x0000000000000000-0x000000003ffeffff]
[    0.000000] NODE_DATA(0) allocated [mem 0x3ffc5000-0x3ffeffff]
[    0.000000] kvm-clock: cpu 0, msr 0:3ff44001, primary cpu clock
[    0.000000] kvm-clock: Using msrs 4b564d01 and 4b564d00
[    0.000000] kvm-clock: using sched offset of 4359884251 cycles
[    0.000000] clocksource: kvm-clock: mask: 0xffffffffffffffff max_cycles: 0x1cd42e4dffb, max_idle_ns: 881590591483 ns
[    0.000000] Zone ranges:
[    0.000000]   DMA      [mem 0x0000000000001000-0x0000000000ffffff]
[    0.000000]   DMA32    [mem 0x0000000001000000-0x000000003ffeffff]
[    0.000000]   Normal   empty
[    0.000000]   Device   empty
[    0.000000] Movable zone start for each node
[    0.000000] Early memory node ranges
[    0.000000]   node   0: [mem 0x0000000000001000-0x000000000009efff]
[    0.000000]   node   0: [mem 0x0000000000100000-0x000000003ffeffff]
[    0.000000] Reserved but unavailable: 98 pages
[    0.000000] Initmem setup node 0 [mem 0x0000000000001000-0x000000003ffeffff]
[    0.000000] ACPI: PM-Timer IO Port: 0x4008
[    0.000000] IOAPIC[0]: apic_id 2, version 32, address 0xfec00000, GSI 0-23
[    0.000000] ACPI: INT_SRC_OVR (bus 0 bus_irq 0 global_irq 2 dfl dfl)
[    0.000000] ACPI: INT_SRC_OVR (bus 0 bus_irq 9 global_irq 9 low level)
[    0.000000] Using ACPI (MADT) for SMP configuration information
[    0.000000] smpboot: Allowing 2 CPUs, 0 hotplug CPUs
[    0.000000] PM: Registered nosave memory: [mem 0x00000000-0x00000fff]
[    0.000000] PM: Registered nosave memory: [mem 0x0009f000-0x0009ffff]
[    0.000000] PM: Registered nosave memory: [mem 0x000a0000-0x000effff]
[    0.000000] PM: Registered nosave memory: [mem 0x000f0000-0x000fffff]
[    0.000000] e820: [mem 0x40000000-0xfebfffff] available for PCI devices
[    0.000000] Booting paravirtualized kernel on KVM
[    0.000000] clocksource: refined-jiffies: mask: 0xffffffff max_cycles: 0xffffffff, max_idle_ns: 7645519600211568 ns
[    0.000000] random: get_random_bytes called from start_kernel+0x99/0x500 with crng_init=0
[    0.000000] setup_percpu: NR_CPUS:8192 nr_cpumask_bits:2 nr_cpu_ids:2 nr_node_ids:1
[    0.000000] percpu: Embedded 45 pages/cpu s147456 r8192 d28672 u1048576
[    0.000000] PV qspinlock hash table entries: 256 (order: 0, 4096 bytes)
[    0.000000] Built 1 zonelists, mobility grouping on.  Total pages: 257913
[    0.000000] Policy zone: DMA32
[    0.000000] Kernel command line: BOOT_IMAGE=/boot/vmlinuz-4.15.0-124-generic root=LABEL=cloudimg-rootfs ro console=tty1 console=ttyS0
[    0.000000] Memory: 983028K/1048120K available (12300K kernel code, 2482K rwdata, 4272K rodata, 2436K init, 2724K bss, 65092K reserved, 0K cma-reserved)
[    0.000000] SLUB: HWalign=64, Order=0-3, MinObjects=0, CPUs=2, Nodes=1
[    0.000000] Kernel/User page tables isolation: enabled
[    0.000000] ftrace: allocating 39402 entries in 154 pages
[    0.004000] Hierarchical RCU implementation.
[    0.004000] 	RCU restricting CPUs from NR_CPUS=8192 to nr_cpu_ids=2.
[    0.004000] 	Tasks RCU enabled.
[    0.004000] RCU: Adjusting geometry for rcu_fanout_leaf=16, nr_cpu_ids=2
[    0.004000] NR_IRQS: 524544, nr_irqs: 440, preallocated irqs: 16
[    0.004000] Console: colour VGA+ 80x25
[    0.004000] console [tty1] enabled
[    0.004000] console [ttyS0] enabled
[    0.004000] ACPI: Core revision 20170831
[    0.004000] ACPI: 2 ACPI AML tables successfully acquired and loaded
[    0.004000] APIC: Switch to symmetric I/O mode setup
[    0.004000] x2apic enabled
[    0.004000] Switched APIC routing to physical x2apic.
[    0.005097] ..TIMER: vector=0x30 apic1=0 pin1=2 apic2=-1 pin2=-1
[    0.008006] tsc: Detected 1996.800 MHz processor
[    0.008988] Calibrating delay loop (skipped) preset value.. 3993.60 BogoMIPS (lpj=7987200)
[    0.012081] pid_max: default: 32768 minimum: 301
[    0.016039] Security Framework initialized
[    0.017071] Yama: becoming mindful.
[    0.017836] AppArmor: AppArmor initialized
[    0.020072] Dentry cache hash table entries: 131072 (order: 8, 1048576 bytes)
[    0.022084] Inode-cache hash table entries: 65536 (order: 7, 524288 bytes)
[    0.024025] Mount-cache hash table entries: 2048 (order: 2, 16384 bytes)
[    0.025865] Mountpoint-cache hash table entries: 2048 (order: 2, 16384 bytes)
[    0.028423] Last level iTLB entries: 4KB 0, 2MB 0, 4MB 0
[    0.030079] Last level dTLB entries: 4KB 0, 2MB 0, 4MB 0, 1GB 0
[    0.032011] Spectre V1 : Mitigation: usercopy/swapgs barriers and __user pointer sanitization
[    0.034568] Spectre V2 : Mitigation: Full generic retpoline
[    0.036006] Spectre V2 : Spectre v2 / SpectreRSB mitigation: Filling RSB on context switch
[    0.038508] Speculative Store Bypass: Vulnerable
[    0.040052] MDS: Mitigation: Clear CPU buffers
[    0.041513] Freeing SMP alternatives memory: 36K
[    0.153736] smpboot: CPU0: Intel(R) Core(TM) i5-1038NG7 CPU @ 2.00GHz (family: 0x6, model: 0x7e, stepping: 0x5)
[    0.156000] Performance Events: unsupported p6 CPU model 126 no PMU driver, software events only.
[    0.156062] Hierarchical SRCU implementation.
[    0.157668] NMI watchdog: Perf event create on CPU 0 failed with -2
[    0.158954] NMI watchdog: Perf NMI watchdog permanently disabled
[    0.160098] smp: Bringing up secondary CPUs ...
[    0.161111] x86: Booting SMP configuration:
[    0.162054] .... node  #0, CPUs:      #1
[    0.004000] kvm-clock: cpu 1, msr 0:3ff44041, secondary cpu clock
[    0.166717] smp: Brought up 1 node, 2 CPUs
[    0.168012] smpboot: Max logical packages: 1
[    0.168894] smpboot: Total of 2 processors activated (7987.20 BogoMIPS)
[    0.170412] devtmpfs: initialized
[    0.170412] x86/mm: Memory block size: 128MB
[    0.172132] evm: security.selinux
[    0.172908] evm: security.SMACK64
[    0.173665] evm: security.SMACK64EXEC
[    0.174684] evm: security.SMACK64TRANSMUTE
[    0.176007] evm: security.SMACK64MMAP
[    0.177114] evm: security.apparmor
[    0.177838] evm: security.ima
[    0.178683] evm: security.capability
[    0.180108] clocksource: jiffies: mask: 0xffffffff max_cycles: 0xffffffff, max_idle_ns: 7645041785100000 ns
[    0.182679] futex hash table entries: 512 (order: 3, 32768 bytes)
[    0.185595] pinctrl core: initialized pinctrl subsystem
[    0.188159] RTC time: 15:54:27, date: 12/04/20
[    0.190161] NET: Registered protocol family 16
[    0.191650] audit: initializing netlink subsys (disabled)
[    0.192071] audit: type=2000 audit(1607097273.694:1): state=initialized audit_enabled=0 res=1
[    0.196019] cpuidle: using governor ladder
[    0.197017] cpuidle: using governor menu
[    0.197853] ACPI: bus type PCI registered
[    0.198624] acpiphp: ACPI Hot Plug PCI Controller Driver version: 0.5
[    0.200062] PCI: Using configuration type 1 for base access
[    0.201927] HugeTLB registered 2.00 MiB page size, pre-allocated 0 pages
[    0.204084] ACPI: Added _OSI(Module Device)
[    0.204920] ACPI: Added _OSI(Processor Device)
[    0.205844] ACPI: Added _OSI(3.0 _SCP Extensions)
[    0.208009] ACPI: Added _OSI(Processor Aggregator Device)
[    0.209066] ACPI: Added _OSI(Linux-Dell-Video)
[    0.209940] ACPI: Added _OSI(Linux-Lenovo-NV-HDMI-Audio)
[    0.211207] ACPI: Added _OSI(Linux-HPI-Hybrid-Graphics)
[    0.212389] ACPI: Executed 1 blocks of module-level executable AML code
[    0.218244] ACPI: Interpreter enabled
[    0.219073] ACPI: (supports S0 S5)
[    0.220006] ACPI: Using IOAPIC for interrupt routing
[    0.221266] PCI: Using host bridge windows from ACPI; if necessary, use "pci=nocrs" and report a bug
[    0.223531] ACPI: Enabled 2 GPEs in block 00 to 07
[    0.232617] ACPI: PCI Root Bridge [PCI0] (domain 0000 [bus 00-ff])
[    0.234185] acpi PNP0A03:00: _OSC: OS supports [ASPM ClockPM Segments MSI]
[    0.236523] acpi PNP0A03:00: _OSC: not requesting OS control; OS requires [ExtendedConfig ASPM ClockPM MSI]
[    0.238933] acpi PNP0A03:00: fail to add MMCONFIG information, can't access extended PCI configuration space under this bridge.
[    0.240616] PCI host bridge to bus 0000:00
[    0.241766] pci_bus 0000:00: root bus resource [io  0x0000-0x0cf7 window]
[    0.244010] pci_bus 0000:00: root bus resource [io  0x0d00-0xffff window]
[    0.245326] pci_bus 0000:00: root bus resource [mem 0x000a0000-0x000bffff window]
[    0.247021] pci_bus 0000:00: root bus resource [mem 0x40000000-0xfdffffff window]
[    0.248028] pci_bus 0000:00: root bus resource [bus 00-ff]
[    0.253310] pci 0000:00:01.1: legacy IDE quirk: reg 0x10: [io  0x01f0-0x01f7]
[    0.254692] pci 0000:00:01.1: legacy IDE quirk: reg 0x14: [io  0x03f6]
[    0.256009] pci 0000:00:01.1: legacy IDE quirk: reg 0x18: [io  0x0170-0x0177]
[    0.257450] pci 0000:00:01.1: legacy IDE quirk: reg 0x1c: [io  0x0376]
[    0.277705] pci 0000:00:07.0: quirk: [io  0x4000-0x403f] claimed by PIIX4 ACPI
[    0.279756] pci 0000:00:07.0: quirk: [io  0x4100-0x410f] claimed by PIIX4 SMB
[    0.288457] ACPI: PCI Interrupt Link [LNKA] (IRQs 5 9 10 *11)
[    0.290007] ACPI: PCI Interrupt Link [LNKB] (IRQs 5 9 *10 11)
[    0.291260] ACPI: PCI Interrupt Link [LNKC] (IRQs 5 *9 10 11)
[    0.292146] ACPI: PCI Interrupt Link [LNKD] (IRQs 5 9 10 *11)
[    0.293712] SCSI subsystem initialized
[    0.294583] pci 0000:00:02.0: vgaarb: setting as boot VGA device
[    0.294583] pci 0000:00:02.0: vgaarb: VGA device added: decodes=io+mem,owns=io+mem,locks=none
[    0.296018] pci 0000:00:02.0: vgaarb: bridge control possible
[    0.297125] vgaarb: loaded
[    0.297953] ACPI: bus type USB registered
[    0.300050] usbcore: registered new interface driver usbfs
[    0.301451] usbcore: registered new interface driver hub
[    0.302526] usbcore: registered new device driver usb
[    0.304093] EDAC MC: Ver: 3.0.0
[    0.305065] PCI: Using ACPI for IRQ routing
[    0.305192] NetLabel: Initializing
[    0.305868] NetLabel:  domain hash size = 128
[    0.308006] NetLabel:  protocols = UNLABELED CIPSOv4 CALIPSO
[    0.309416] NetLabel:  unlabeled traffic allowed by default
[    0.310551] clocksource: Switched to clocksource kvm-clock
[    0.322609] VFS: Disk quotas dquot_6.6.0
[    0.323699] VFS: Dquot-cache hash table entries: 512 (order 0, 4096 bytes)
[    0.325690] AppArmor: AppArmor Filesystem Enabled
[    0.327022] pnp: PnP ACPI init
[    0.329280] pnp: PnP ACPI: found 3 devices
[    0.342117] clocksource: acpi_pm: mask: 0xffffff max_cycles: 0xffffff, max_idle_ns: 2085701024 ns
[    0.344044] NET: Registered protocol family 2
[    0.345172] TCP established hash table entries: 8192 (order: 4, 65536 bytes)
[    0.346772] TCP bind hash table entries: 8192 (order: 5, 131072 bytes)
[    0.349399] TCP: Hash tables configured (established 8192 bind 8192)
[    0.351109] UDP hash table entries: 512 (order: 2, 16384 bytes)
[    0.352193] UDP-Lite hash table entries: 512 (order: 2, 16384 bytes)
[    0.353517] NET: Registered protocol family 1
[    0.354394] pci 0000:00:00.0: Limiting direct PCI/PCI transfers
[    0.355627] pci 0000:00:01.0: Activating ISA DMA hang workarounds
[    0.356983] pci 0000:00:02.0: Video device with shadowed ROM at [mem 0x000c0000-0x000dffff]
[    0.358729] Unpacking initramfs...
[    0.672649] Freeing initrd memory: 19220K
[    0.673895] clocksource: tsc: mask: 0xffffffffffffffff max_cycles: 0x3990bec8342, max_idle_ns: 881590769617 ns
[    0.676918] platform rtc_cmos: registered platform RTC device (no PNP device found)
[    0.679270] Scanning for low memory corruption every 60 seconds
[    0.682008] Initialise system trusted keyrings
[    0.683636] Key type blacklist registered
[    0.684878] workingset: timestamp_bits=36 max_order=18 bucket_order=0
[    0.687524] zbud: loaded
[    0.688944] squashfs: version 4.0 (2009/01/31) Phillip Lougher
[    0.690413] fuse init (API version 7.26)
[    0.693688] Key type asymmetric registered
[    0.694543] Asymmetric key parser 'x509' registered
[    0.695484] Block layer SCSI generic (bsg) driver version 0.4 loaded (major 246)
[    0.696964] io scheduler noop registered
[    0.698088] io scheduler deadline registered
[    0.699129] io scheduler cfq registered (default)
[    0.700553] ACPI: AC Adapter [AC] (on-line)
[    0.701484] input: Power Button as /devices/LNXSYSTM:00/LNXPWRBN:00/input/input0
[    0.703162] ACPI: Power Button [PWRF]
[    0.704010] input: Sleep Button as /devices/LNXSYSTM:00/LNXSLPBN:00/input/input1
[    0.705532] ACPI: Sleep Button [SLPF]
[    0.707821] ACPI: Battery Slot [BAT0] (battery present)
[    0.708198] Serial: 8250/16550 driver, 32 ports, IRQ sharing enabled
[    0.731082] 00:02: ttyS0 at I/O 0x3f8 (irq = 4, base_baud = 115200) is a 16550A
[    0.734764] Linux agpgart interface v0.103
[    0.737188] loop: module loaded
[    0.738453] scsi host0: ata_piix
[    0.739356] scsi host1: ata_piix
[    0.740051] ata1: PATA max UDMA/33 cmd 0x1f0 ctl 0x3f6 bmdma 0xd000 irq 14
[    0.741384] ata2: PATA max UDMA/33 cmd 0x170 ctl 0x376 bmdma 0xd008 irq 15
[    0.742799] libphy: Fixed MDIO Bus: probed
[    0.743680] tun: Universal TUN/TAP device driver, 1.6
[    0.744826] PPP generic driver version 2.4.2
[    0.745837] ehci_hcd: USB 2.0 'Enhanced' Host Controller (EHCI) Driver
[    0.747017] ehci-pci: EHCI PCI platform driver
[    0.747987] ehci-platform: EHCI generic platform driver
[    0.749111] ohci_hcd: USB 1.1 'Open' Host Controller (OHCI) Driver
[    0.750365] ohci-pci: OHCI PCI platform driver
[    0.751229] ohci-platform: OHCI generic platform driver
[    0.752316] uhci_hcd: USB Universal Host Controller Interface driver
[    0.753534] i8042: PNP: PS/2 Controller [PNP0303:PS2K,PNP0f03:PS2M] at 0x60,0x64 irq 1,12
[    0.755629] serio: i8042 KBD port at 0x60,0x64 irq 1
[    0.756722] serio: i8042 AUX port at 0x60,0x64 irq 12
[    0.757902] mousedev: PS/2 mouse device common for all mice
[    0.759215] input: AT Translated Set 2 keyboard as /devices/platform/i8042/serio0/input/input2
[    0.761482] rtc_cmos rtc_cmos: rtc core: registered rtc_cmos as rtc0
[    0.763144] rtc_cmos rtc_cmos: alarms up to one day, 114 bytes nvram
[    0.765085] i2c /dev entries driver
[    0.766030] device-mapper: uevent: version 1.0.3
[    0.767056] device-mapper: ioctl: 4.37.0-ioctl (2017-09-20) initialised: dm-devel@redhat.com
[    0.768816] ledtrig-cpu: registered to indicate activity on CPUs
[    0.770550] NET: Registered protocol family 10
[    0.776341] Segment Routing with IPv6
[    0.777308] NET: Registered protocol family 17
[    0.778916] Key type dns_resolver registered
[    0.780516] mce: Using 0 MCE banks
[    0.781540] RAS: Correctable Errors collector initialized.
[    0.783214] sched_clock: Marking stable (780466622, 0)->(961640186, -181173564)
[    0.786276] registered taskstats version 1
[    0.787451] Loading compiled-in X.509 certificates
[    0.791394] Loaded X.509 cert 'Build time autogenerated kernel key: be62403dcace2d46f96dafa9f42421c610ef3c2a'
[    0.794034] zswap: loaded using pool lzo/zbud
[    0.799136] Key type big_key registered
[    0.799945] Key type trusted registered
[    0.802573] Key type encrypted registered
[    0.803471] AppArmor: AppArmor sha1 policy hashing enabled
[    0.804679] ima: No TPM chip found, activating TPM-bypass! (rc=-19)
[    0.806123] ima: Allocated hash algorithm: sha1
[    0.807188] evm: HMAC attrs: 0x1
[    0.808283]   Magic number: 0:818:941
[    0.809183] rtc_cmos rtc_cmos: setting system clock to 2020-12-04 15:54:28 UTC (1607097268)
[    0.811138] BIOS EDD facility v0.16 2004-Jun-25, 0 devices found
[    0.812474] EDD information not available.
[    1.139725] Freeing unused kernel image memory: 2436K
[    1.152195] Write protecting the kernel read-only data: 20480k
[    1.153727] Freeing unused kernel image memory: 2008K
[    1.154941] Freeing unused kernel image memory: 1872K
[    1.161300] x86/mm: Checked W+X mappings: passed, no W+X pages found.
[    1.163207] x86/mm: Checking user space page tables
[    1.169295] x86/mm: Checked W+X mappings: passed, no W+X pages found.
Loading, please wait...
starting version 237
[    1.260021] e1000: Intel(R) PRO/1000 Network Driver - version 7.3.21-k8-NAPI
[    1.261658] e1000: Copyright (c) 1999-2006 Intel Corporation.
[    1.273476] Fusion MPT base driver 3.04.20
[    1.274723] Copyright (c) 1999-2008 LSI Corporation
[    1.293703] Fusion MPT SPI Host driver 3.04.20
[    1.297582] AVX2 version of gcm_enc/dec engaged.
[    1.298867] AES CTR mode by8 optimization enabled
[    1.517727] input: ImExPS/2 Generic Explorer Mouse as /devices/platform/i8042/serio1/input/input4
[    1.696352] e1000 0000:00:03.0 eth0: (PCI:33MHz:32-bit) 02:1d:48:b0:d5:b9
[    1.697969] e1000 0000:00:03.0 eth0: Intel(R) PRO/1000 Network Connection
[    1.700246] mptbase: ioc0: Initiating bringup
[    1.702530] e1000 0000:00:03.0 enp0s3: renamed from eth0
[    1.812430] ioc0: LSI53C1030 A0: Capabilities={Initiator}
[    2.059216] scsi host2: ioc0: LSI53C1030 A0, FwRev=00000000h, Ports=1, MaxQ=256, IRQ=20
[    2.232468] scsi 2:0:0:0: Direct-Access     VBOX     HARDDISK         1.0  PQ: 0 ANSI: 5
[    3.111458] scsi target2:0:0: Beginning Domain Validation
[    3.116403] scsi target2:0:0: Domain Validation skipping write tests
[    3.117989] scsi target2:0:0: Ending Domain Validation
[    3.119058] scsi target2:0:0: asynchronous
[    3.120292] scsi 2:0:1:0: Direct-Access     VBOX     HARDDISK         1.0  PQ: 0 ANSI: 5
[    3.694729] scsi target2:0:1: Beginning Domain Validation
[    3.698090] random: fast init done
[    3.699407] scsi target2:0:1: Domain Validation skipping write tests
[    3.700721] scsi target2:0:1: Ending Domain Validation
[    3.701812] scsi target2:0:1: asynchronous
[    3.705916] random: systemd-udevd: uninitialized urandom read (16 bytes read)
[    3.707242] random: systemd-udevd: uninitialized urandom read (16 bytes read)
[    3.708570] random: systemd-udevd: uninitialized urandom read (16 bytes read)
[    3.710420] sd 2:0:0:0: [sda] 20971520 512-byte logical blocks: (10.7 GB/10.0 GiB)
[    3.712121] sd 2:0:0:0: [sda] Write Protect is off
[    3.713197] sd 2:0:0:0: Attached scsi generic sg0 type 0
[    3.714257] sd 2:0:0:0: [sda] Incomplete mode parameter data
[    3.715350] sd 2:0:0:0: [sda] Assuming drive cache: write through
[    3.717958] sd 2:0:1:0: [sdb] 20480 512-byte logical blocks: (10.5 MB/10.0 MiB)
[    3.719413] sd 2:0:1:0: [sdb] Write Protect is off
[    3.720700] sd 2:0:1:0: Attached scsi generic sg1 type 0
[    3.721793] sd 2:0:1:0: [sdb] Incomplete mode parameter data
[    3.723545] sd 2:0:1:0: [sdb] Assuming drive cache: write through
[    3.724227]  sda: sda1
[    3.726834] sd 2:0:0:0: [sda] Attached SCSI disk
[    3.728136] sd 2:0:1:0: [sdb] Attached SCSI disk
Begin: Loading essential drivers ... [    5.473914] raid6: sse2x1   gen() 13944 MB/s
[    5.520533] raid6: sse2x1   xor()  7833 MB/s
[    5.568128] raid6: sse2x2   gen() 16724 MB/s
[    5.616373] raid6: sse2x2   xor()  9762 MB/s
[    5.664110] raid6: sse2x4   gen() 13756 MB/s
[    5.712137] raid6: sse2x4   xor()  9259 MB/s
[    5.760062] raid6: avx2x1   gen() 24270 MB/s
[    5.808078] raid6: avx2x1   xor() 13994 MB/s
[    5.856261] raid6: avx2x2   gen() 32202 MB/s
[    5.904366] raid6: avx2x2   xor() 19900 MB/s
[    5.952754] raid6: avx2x4   gen() 30994 MB/s
[    6.007041] raid6: avx2x4   xor() 20383 MB/s
[    6.008553] raid6: using algorithm avx2x2 gen() 32202 MB/s
[    6.009705] raid6: .... xor() 19900 MB/s, rmw enabled
[    6.011532] raid6: using avx2x2 recovery algorithm
[    6.013847] xor: automatically using best checksumming function   avx       
[    6.016639] async_tx: api initialized (async)
done.
Begin: Running /scripts/init-premount ... done.
Begin: Mounting root file system ... Begin: Running /scripts/local-top ... done.
Begin: Running /scripts/local-premount ... [    6.064159] Btrfs loaded, crc32c=crc32c-intel
Scanning for Btrfs filesystems
done.
Warning: fsck not present, so skipping root file system
[    6.086358] EXT4-fs (sda1): mounted filesystem with ordered data mode. Opts: (null)
done.
Begin: Running /scripts/local-bottom ... done.
Begin: Running /scripts/init-bottom ... done.
[    6.245894] ip_tables: (C) 2000-2006 Netfilter Core Team
[    6.254725] systemd[1]: systemd 237 running in system mode. (+PAM +AUDIT +SELINUX +IMA +APPARMOR +SMACK +SYSVINIT +UTMP +LIBCRYPTSETUP +GCRYPT +GNUTLS +ACL +XZ +LZ4 +SECCOMP +BLKID +ELFUTILS +KMOD -IDN2 +IDN -PCRE2 default-hierarchy=hybrid)
[    6.258761] systemd[1]: Detected virtualization oracle.
[    6.259831] systemd[1]: Detected architecture x86-64.

Welcome to [1mUbuntu 18.04.5 LTS[0m!

[    6.266799] systemd[1]: Set hostname to <ubuntu>.
[    6.271526] systemd[1]: Initializing machine ID from random generator.
[    6.272886] systemd[1]: Installed transient /etc/machine-id file.
[    6.489202] systemd[1]: Reached target System Time Synchronized.
[[0;32m  OK  [0m] Reached target System Time Synchronized.
[    6.492729] systemd[1]: Created slice User and Session Slice.
[[0;32m  OK  [0m] Created slice User and Session Slice.
[    6.495093] systemd[1]: Created slice System Slice.
[[0;32m  OK  [0m] Created slice System Slice.
[    6.497255] systemd[1]: Listening on Network Service Netlink Socket.
[[0;32m  OK  [0m] Listening on Network Service Netlink Socket.
[[0;32m  OK  [0m] Listening on /dev/initctl Compatibility Named Pipe.
[[0;32m  OK  [0m] Listening on udev Control Socket.
[[0;32m  OK  [0m] Listening on Journal Socket.
         Starting Remount Root and Kernel File Systems...
         Starting Uncomplicated firewall...
[[0;32m  OK  [0m] Reached target Swap.
         Mounting Kernel Debug File System...
[[0;32m  OK  [0m] Listening on Syslog Socket.
         Mounting Huge Pages File System...
         Starting Set the console keyboard layout...
         Starting Load Kernel Modules...
         Starting Create list of required st…ce nodes for the current kernel...
[[0;32m  OK  [0m] Listening on Journal Audit Socket.
[[0;32m  OK  [0m] Reached target User and Group Name Lookups.
[[0;32m  OK  [0m] Listening on LVM2 metadata daemon socket.
[[0;32m  OK  [0m] Listening on Device-mapper event daemon FIFOs.
         Starting Monitoring of LVM2 mirrors…ng dmeventd or progress polling...
[[0;32m  OK  [0m] Listening on Journal Socket (/dev/log).
         Starting Journal Service...
[[0;32m  OK  [0m] Listening on LVM2 poll daemon socket.
[[0;32m  OK  [0m] Reached target Slices.
[[0;32m  OK  [0m] Listening on udev Kernel Socket.
         Starting udev Coldplug all Devices...
[[0;32m  OK  [0m] Started Forward Password Requests to Wall Directory Watch.
         Mounting POSIX Message Queue File System...
[[0;32m  OK  [0m] Set up automount Arbitrary Executab…rmats File System Automount Point.
[    6.592972] EXT4-fs (sda1): re-mounted. Opts: (null)
[[0;32m  OK  [0m] Created slice system-serial\x2dgetty.slice.
[[0;32m  OK  [0m] Started Remount Root and Kernel File Systems.
[[0;32m  OK  [0m] Started Uncomplicated firewall.
[[0;32m  OK  [0m] Mounted Kernel Debug File System.
[[0;32m  OK  [0m] Mounted Huge Pages File System.
[    6.608380] Loading iSCSI transport class v2.0-870.
[[0;32m  OK  [0m] Started Create list of required sta…vice nodes for the current kernel.
[[0;32m  OK  [0m] Mounted POSIX Message Queue File System.
[[0;32m  OK  [0m] Started LVM2 metadata daemon.
         Starting Create Static Device Nodes in /dev...
         Starting Load/Save Random Seed...
[    6.621694] iscsi: registered transport (tcp)
[[0;32m  OK  [0m] Started Journal Service.
[[0;32m  OK  [0m] Started udev Coldplug all Devices.
[[0;32m  OK  [0m] Started Create Static Device Nodes in /dev.
[[0;32m  OK  [0m] Started Load/Save Random Seed.
[[0;32m  OK  [0m] Started Monitoring of LVM2 mirrors,…sing dmeventd or progress polling.
         Starting udev Kernel Device Manager...
         Starting Flush Journal to Persistent Storage...
[    6.727110] iscsi: registered transport (iser)
[[0;32m  OK  [0m] Started Load Kernel Modules.
         Mounting FUSE Control File System...
         Starting Apply Kernel Variables...
         Mounting Kernel Configuration File System...
[[0;32m  OK  [0m] Mounted FUSE Control File System.
[[0;32m  OK  [0m] Mounted Kernel Configuration File System.
[    6.748202] systemd-journald[416]: Received request to flush runtime journal from PID 1
[[0;32m  OK  [0m] Started udev Kernel Device Manager.
[[0;32m  OK  [0m] Started Set the console keyboard layout.
[[0;32m  OK  [0m] Reached target Local File Systems (Pre).
[[0;32m  OK  [0m] Reached target Local File Systems.
         Starting ebtables ruleset management...
         Starting Tell Plymouth To Write Out Runtime Data...
         Starting Commit a transient machine-id on disk...
         Starting Set console font and keymap...
         Starting AppArmor initialization...
[[0;32m  OK  [0m] Started Dispatch Password Requests to Console Directory Watch.
[[0;32m  OK  [0m] Reached target Local Encrypted Volumes.
[[0;32m  OK  [0m] Started Tell Plymouth To Write Out Runtime Data.
[[0;32m  OK  [0m] Started Set console font and keymap.
[[0;32m  OK  [0m] Started Apply Kernel Variables.
[[0;32m  OK  [0m] Started Commit a transient machine-id on disk.
[[0;32m  OK  [0m] Started Flush Journal to Persistent Storage.
         Starting Create Volatile Files and Directories...
[[0;32m  OK  [0m] Started Create Volatile Files and Directories.
         Starting Update UTMP about System Boot/Shutdown...
[[0;32m  OK  [0m] Started Update UTMP about System Boot/Shutdown.
[[0;32m  OK  [0m] Started ebtables ruleset management.
[[0;32m  OK  [0m] Found device /dev/ttyS0.
[[0;32m  OK  [0m] Listening on Load/Save RF Kill Switch Status /dev/rfkill Watch.
[[0;32m  OK  [0m] Started AppArmor initialization.
         Starting Load AppArmor profiles managed internally by snapd...
         Starting Initial cloud-init job (pre-networking)...
[[0;32m  OK  [0m] Started Load AppArmor profiles managed internally by snapd.
[    8.851800] cloud-init[569]: Cloud-init v. 20.3-2-g371b392c-0ubuntu1~18.04.1 running 'init-local' at Fri, 04 Dec 2020 15:54:36 +0000. Up 8.46 seconds.
[[0;32m  OK  [0m] Started Initial cloud-init job (pre-networking).
[[0;32m  OK  [0m] Reached target Network (Pre).
         Starting Network Service...
[[0;32m  OK  [0m] Started Network Service.
         Starting Network Name Resolution...
         Starting Wait for Network to be Configured...
[[0;32m  OK  [0m] Started Network Name Resolution.
[[0;32m  OK  [0m] Reached target Network.
[[0;32m  OK  [0m] Reached target Host and Network Name Lookups.
[[0;32m  OK  [0m] Started Wait for Network to be Configured.
         Starting Initial cloud-init job (metadata service crawler)...
[   10.840966] cloud-init[688]: Cloud-init v. 20.3-2-g371b392c-0ubuntu1~18.04.1 running 'init' at Fri, 04 Dec 2020 15:54:38 +0000. Up 10.70 seconds.
[   10.843120] cloud-init[688]: ci-info: ++++++++++++++++++++++++++++++++++++++Net device info++++++++++++++++++++++++++++++++++++++
[   10.844764] cloud-init[688]: ci-info: +--------+------+----------------------------+---------------+--------+-------------------+
[   10.846562] cloud-init[688]: ci-info: | Device |  Up  |          Address           |      Mask     | Scope  |     Hw-Address    |
[   10.848618] cloud-init[688]: ci-info: +--------+------+----------------------------+---------------+--------+-------------------+
[   10.850356] cloud-init[688]: ci-info: | enp0s3 | True |         10.0.2.15          | 255.255.255.0 | global | 02:1d:48:b0:d5:b9 |
[   10.861281] cloud-init[688]: ci-info: | enp0s3 | True | fe80::1d:48ff:feb0:d5b9/64 |       .       |  link  | 02:1d:48:b0:d5:b9 |
[   10.862921] cloud-init[688]: ci-info: |   lo   | True |         127.0.0.1          |   255.0.0.0   |  host  |         .         |
[   10.864692] cloud-init[688]: ci-info: |   lo   | True |          ::1/128           |       .       |  host  |         .         |
[   10.866512] cloud-init[688]: ci-info: +--------+------+----------------------------+---------------+--------+-------------------+
[   10.868414] cloud-init[688]: ci-info: ++++++++++++++++++++++++++++Route IPv4 info+++++++++++++++++++++++++++++
[   10.870124] cloud-init[688]: ci-info: +-------+-------------+----------+-----------------+-----------+-------+
[   10.871354] cloud-init[688]: ci-info: | Route | Destination | Gateway  |     Genmask     | Interface | Flags |
[   10.873047] cloud-init[688]: ci-info: +-------+-------------+----------+-----------------+-----------+-------+
[   10.876056] cloud-init[688]: ci-info: |   0   |   0.0.0.0   | 10.0.2.2 |     0.0.0.0     |   enp0s3  |   UG  |
[   10.877687] cloud-init[688]: ci-info: |   1   |   10.0.2.0  | 0.0.0.0  |  255.255.255.0  |   enp0s3  |   U   |
[   10.879164] cloud-init[688]: ci-info: |   2   |   10.0.2.2  | 0.0.0.0  | 255.255.255.255 |   enp0s3  |   UH  |
[   10.880734] cloud-init[688]: ci-info: +-------+-------------+----------+-----------------+-----------+-------+
[   10.896204] cloud-init[688]: ci-info: +++++++++++++++++++Route IPv6 info+++++++++++++++++++
[   10.898053] cloud-init[688]: ci-info: +-------+-------------+---------+-----------+-------+
[   10.899794] cloud-init[688]: ci-info: | Route | Destination | Gateway | Interface | Flags |
[   10.901125] cloud-init[688]: ci-info: +-------+-------------+---------+-----------+-------+
[   10.912388] cloud-init[688]: ci-info: |   1   |  fe80::/64  |    ::   |   enp0s3  |   U   |
[   10.924449] cloud-init[688]: ci-info: |   3   |    local    |    ::   |   enp0s3  |   U   |
[   10.925934] cloud-init[688]: ci-info: |   4   |   ff00::/8  |    ::   |   enp0s3  |   U   |
[   10.926916] cloud-init[688]: ci-info: +-------+-------------+---------+-----------+-------+
[   11.889128] cloud-init[688]: Generating public/private rsa key pair.
[   11.890290] cloud-init[688]: Your identification has been saved in /etc/ssh/ssh_host_rsa_key.
[   11.892606] cloud-init[688]: Your public key has been saved in /etc/ssh/ssh_host_rsa_key.pub.
[   11.894979] cloud-init[688]: The key fingerprint is:
[   11.896535] cloud-init[688]: SHA256:a+6+6KSR4SlLFD+96exlS61fbxT6AQ/SQC1lKSA59Yc root@ubuntu-bionic
[   11.898683] cloud-init[688]: The key's randomart image is:
[   11.899962] cloud-init[688]: +---[RSA 2048]----+
[   11.912454] cloud-init[688]: |      .ooo.oo.   |
[   11.913694] cloud-init[688]: |      o. .+oo    |
[   11.915149] cloud-init[688]: |  .    .  E=.    |
[   11.916670] cloud-init[688]: |   o .    ..+ .  |
[   11.918086] cloud-init[688]: |  . + . S  . = . |
[   11.919245] cloud-init[688]: | . . = o o  . +  |
[   11.920881] cloud-init[688]: |  o = + * . .o . |
[   11.922137] cloud-init[688]: | . o * B o . .o  |
[   11.928339] cloud-init[688]: |  . .o*oBo.  ..  |
[   11.929664] cloud-init[688]: +----[SHA256]-----+
[   11.940681] cloud-init[688]: Generating public/private dsa key pair.
[   11.942576] cloud-init[688]: Your identification has been saved in /etc/ssh/ssh_host_dsa_key.
[   11.944254] cloud-init[688]: Your public key has been saved in /etc/ssh/ssh_host_dsa_key.pub.
[   11.945961] cloud-init[688]: The key fingerprint is:
[   11.946850] cloud-init[688]: SHA256:TWlYD5Gkl7ms7KGBUmkxlPr8IZ/mgKOkRe+l2vroWi0 root@ubuntu-bionic
[   11.948214] cloud-init[688]: The key's randomart image is:
[   11.949067] cloud-init[688]: +---[DSA 1024]----+
[   11.961041] cloud-init[688]: |    ..   .=o     |
[   11.962251] cloud-init[688]: |   ..    +.*     |
[   11.963404] cloud-init[688]: |   .o   o B .    |
[   11.964494] cloud-init[688]: |  .  +   * .     |
[   11.965688] cloud-init[688]: |  .o+   S +      |
[   11.966896] cloud-init[688]: | . *+... .       |
[   11.968019] cloud-init[688]: | .E =+oo+        |
[   11.969195] cloud-init[688]: |o+ B +=+ .       |
[   11.970251] cloud-init[688]: |+o=+=oo .        |
[   11.971251] cloud-init[688]: +----[SHA256]-----+
[   11.972408] cloud-init[688]: Generating public/private ecdsa key pair.
[   11.973835] cloud-init[688]: Your identification has been saved in /etc/ssh/ssh_host_ecdsa_key.
[   11.984900] cloud-init[688]: Your public key has been saved in /etc/ssh/ssh_host_ecdsa_key.pub.
[[0;32m  OK  [0m[   11.996380] cloud-init[688]: The key fingerprint is:
[   11.996724] cloud-init[688]: SHA256:4jyPnjn/FuCtpU5KtZR2W5U9blSQQOw4gcq1lu4BzFQ root@ubuntu-bionic
[   11.997583] cloud-init[688]: The key's randomart image is:
[   11.999215] cloud-init[688]: +---[ECDSA 256]---+
[   12.000778] cloud-init[688]: |       .E. oo..o.|
] Started Initial cloud-init job (metadata service crawler).[   12.002351] cloud-init[688]: |      . o . . .o.|
[   12.003236] cloud-init[688]: |     = o o +  oo.|
[   12.004153] cloud-init[688]: |      * =.o ..o .|
[   12.004825] cloud-init[688]: |      .=So...  o |
[   12.006147] cloud-init[688]: |     o =+o+o  .  |
[   12.006416] cloud-init[688]: |      =.o=..     |
[   12.007344] cloud-init[688]: |     ..O+ .      |
[   12.008740] cloud-init[688]: |     .*++o.      |
[   12.009072] cloud-init[688]: +----[SHA256]-----+
[   12.010564] cloud-init[688]: Generating public/private ed25519 key pair.
[   12.010866] cloud-init[688]: Your identification has been saved in /etc/ssh/ssh_host_ed25519_key.
[   12.011690] cloud-init[688]: Your public key has been saved in /etc/ssh/ssh_host_ed25519_key.pub.
[   12.013032] cloud-init[688]: The key fingerprint is:
[   12.013982] cloud-init[688]: SHA256:c0YcJGyBa6aIwMRon+Upcuw4uimXCAHWrXNG1S/XXRA root@ubuntu-bionic
[   12.014323] cloud-init[688]: The key's randomart image is:
[   12.015465] cloud-init[688]: +--[ED25519 256]--+
[   12.015751] cloud-init[688]: |o . . .++oo   Eo |
[   12.016508] cloud-init[688]: |o= . +. o+ .    .|

[   12.016792] cloud-init[688]: |* o * .o  + . . .|
[   12.022201] cloud-init[688]: |oo O =+  o o . . |
[   12.023401] cloud-init[688]: |.o=.=+  S =      |
[[   12.023507] [0;32m  OK  [0mcloud-init] [688]: Reached target Cloud-config availability.|oo...    +       |

[[0;32m  OK  [0m] Reached target System Initialization.[   12.026096] 
cloud-init[688]: |o...             |
[   12.028155] cloud-init[688]: |+.o              |
[   12.029460] cloud-init[688]: |+o               |
[   12.029607] cloud-init[688]: +----[SHA256]-----+
[[0;32m  OK  [0m] Started Message of the Day.
[[0;32m  OK  [0m] Listening on D-Bus System Message Bus Socket.
[[0;32m  OK  [0m] Started ACPI Events Check.
[[0;32m  OK  [0m] Reached target Paths.
[[0;32m  OK  [0m] Started Daily apt download activities.
         Starting Socket activation for snappy daemon.
[[0;32m  OK  [0m] Listening on ACPID Listen Socket.
[[0;32m  OK  [0m] Started Daily apt upgrade and clean activities.
[[0;32m  OK  [0m] Started Daily Cleanup of Temporary Directories.
[[0;32m  OK  [0m] Listening on Open-iSCSI iscsid Socket.
         Starting LXD - unix socket.
[[0;32m  OK  [0m] Started Discard unused blocks once a week.
[[0;32m  OK  [0m] Reached target Timers.
[[0;32m  OK  [0m] Listening on UUID daemon activation socket.
[[0;32m  OK  [0m] Reached target Network is Online.
         Starting Availability of block devices...
[[0;32m  OK  [0m] Reached target Remote File Systems (Pre).
[[0;32m  OK  [0m] Reached target Remote File Systems.
[[0;32m  OK  [0m] Listening on Socket activation for snappy daemon.
[[0;32m  OK  [0m] Listening on LXD - unix socket.
[[0;32m  OK  [0m] Started Availability of block devices.
[[0;32m  OK  [0m] Reached target Sockets.
[[0;32m  OK  [0m] Reached target Basic System.
[[0;32m  OK  [0m] Started Regular background program processing daemon.
         Starting Virtualbox guest utils...
         Starting Login Service...
         Starting Pollinate to seed the pseudo random number generator...
[[0;32m  OK  [0m] Started irqbalance daemon.
         Starting Accounts Service...
[[0;32m  OK  [0m] Started FUSE filesystem for LXC.
         Starting LXD - container startup/shutdown...
         Starting LSB: automatic crash report generation...
         Starting LSB: Record successful boot for GRUB...
         Starting Permit User Sessions...
         Starting System Logging Service...
[[0;32m  OK  [0m] Started Deferred execution scheduler.
         Starting Dispatcher daemon for systemd-networkd...
[[0;32m  OK  [0m] Started D-Bus System Message Bus.
[[0;32m  OK  [0m] Started Login Service.
[[0;32m  OK  [0m] Started Unattended Upgrades Shutdown.
         Starting Snap Daemon...
[[0;32m  OK  [0m] Started System Logging Service.
[[0;32m  OK  [0m] Started Permit User Sessions.
         Starting Hold until boot process finishes up...
         Starting Terminate Plymouth Boot Screen...
[[0;32m  OK  [0m] Started Hold until boot process finishes up.
         Starting Set console scheme...
[[0;32m  OK  [0m] Started Serial Getty on ttyS0.
[[0;32m  OK  [0m] Started Terminate Plymouth Boot Screen.
[[0;32m  OK  [0m] Started LXD - container startup/shutdown.
[[0;32m  OK  [0m] Started LSB: Record successful boot for GRUB.
[[0;32m  OK  [0m] Started Set console scheme.
[[0;32m  OK  [0m] Created slice system-getty.slice.
[[0;32m  OK  [0m] Started Getty on tty1.
[[0;32m  OK  [0m] Reached target Login Prompts.
[[0;32m  OK  [0m] Started LSB: automatic crash report generation.
         Starting Authorization Manager...
[[0;32m  OK  [0m] Started Authorization Manager.
[[0;32m  OK  [0m] Started Accounts Service.
[[0;32m  OK  [0m] Started Virtualbox guest utils.
[[0;32m  OK  [0m] Started Dispatcher daemon for systemd-networkd.
[[0;32m  OK  [0m] Started Snap Daemon.
         Starting Wait until snapd is fully seeded...
[[0;32m  OK  [0m] Started Pollinate to seed the pseudo random number generator.
         Starting OpenBSD Secure Shell server...
[[0;32m  OK  [0m] Started OpenBSD Secure Shell server.
[[0;32m  OK  [0m] Created slice User Slice of vagrant.
         Starting User Manager for UID 1000...
[[0;32m  OK  [0m] Started Session 1 of user vagrant.
[[0;32m  OK  [0m] Started User Manager for UID 1000.
[[0;32m  OK  [0m] Started Wait until snapd is fully seeded.
         Starting Apply the settings specified in cloud-config...
[[0;32m  OK  [0m] Reached target Multi-User System.
[[0;32m  OK  [0m] Reached target Graphical Interface.
         Starting Update UTMP about System Runlevel Changes...
[[0;32m  OK  [0m] Started Update UTMP about System Runlevel Changes.
[   15.863314] cloud-init[1244]: Cloud-init v. 20.3-2-g371b392c-0ubuntu1~18.04.1 running 'modules:config' at Fri, 04 Dec 2020 15:54:43 +0000. Up 15.36 seconds.
[[0;32m  OK  [0m] Started Apply the settings specified in cloud-config.
         Starting Execute cloud user/final scripts...
ci-info: no authorized SSH keys fingerprints found for user ubuntu.
<14>Dec  4 15:54:44 ec2: 
<14>Dec  4 15:54:44 ec2: #############################################################
<14>Dec  4 15:54:44 ec2: -----BEGIN SSH HOST KEY FINGERPRINTS-----
<14>Dec  4 15:54:44 ec2: 1024 SHA256:TWlYD5Gkl7ms7KGBUmkxlPr8IZ/mgKOkRe+l2vroWi0 root@ubuntu-bionic (DSA)
<14>Dec  4 15:54:44 ec2: 256 SHA256:4jyPnjn/FuCtpU5KtZR2W5U9blSQQOw4gcq1lu4BzFQ root@ubuntu-bionic (ECDSA)
<14>Dec  4 15:54:44 ec2: 256 SHA256:c0YcJGyBa6aIwMRon+Upcuw4uimXCAHWrXNG1S/XXRA root@ubuntu-bionic (ED25519)
<14>Dec  4 15:54:44 ec2: 2048 SHA256:a+6+6KSR4SlLFD+96exlS61fbxT6AQ/SQC1lKSA59Yc root@ubuntu-bionic (RSA)
<14>Dec  4 15:54:44 ec2: -----END SSH HOST KEY FINGERPRINTS-----
<14>Dec  4 15:54:44 ec2: #############################################################
-----BEGIN SSH HOST KEY KEYS-----
ecdsa-sha2-nistp256 AAAAE2VjZHNhLXNoYTItbmlzdHAyNTYAAAAIbmlzdHAyNTYAAABBBNn562gen3tQVZ2v3eP6r323gcWuckR5aUZi06SatNcYF2unzFy1QuUHDfVFvY2HnrBLDvgfm3fHrVr7jJjX+Dw= root@ubuntu-bionic
ssh-ed25519 AAAAC3NzaC1lZDI1NTE5AAAAILNTj8geu/ix++Kle7At1jIRKpc44un9rXzr/zCHAj9Y root@ubuntu-bionic
ssh-rsa AAAAB3NzaC1yc2EAAAADAQABAAABAQDsvF3VJs/puiPWsttj24yuvVi+jNC6fwbx2vBqVFNC1oMSO44nRRJflTmPw8tAexm3ds5fuo/GEKrNpLxPLOBxRIQaltTJy0zNstEzXaSYcLaHMvJltzFL2MDog4ewfHUXxBMcwY6RyC/pBVmOoeYXtxdLEo+e4kIsaeJfKtIhnIHgTEPnHLNu5D02PUoHPN1ngrqEAZARrOhiBjXMf0fuCW4+abwJe76Fu9HCAhF1gzigDXPq4xYRwvxKTH+0IGpxODj4YKLdLMaJHzjKETN9jL/p1+Wj45okQDEse6dOo9z8tcEtXUuV6veyZUO/Onx24jrR/IHdp50bJmaX4f2j root@ubuntu-bionic
-----END SSH HOST KEY KEYS-----
[   16.547692] cloud-init[1368]: Cloud-init v. 20.3-2-g371b392c-0ubuntu1~18.04.1 running 'modules:final' at Fri, 04 Dec 2020 15:54:44 +0000. Up 16.36 seconds.
[   16.550012] cloud-init[1368]: ci-info: no authorized SSH keys fingerprints found for user ubuntu.
[   16.560590] cloud-init[1368]: Cloud-init v. 20.3-2-g371b392c-0ubuntu1~18.04.1 finished at Fri, 04 Dec 2020 15:54:44 +0000. Datasource DataSourceNoCloud [seed=/dev/sdb][dsmode=net].  Up 16.53 seconds
[[0;32m  OK  [0m] Started Execute cloud user/final scripts.
[[0;32m  OK  [0m] Reached target Cloud-init target.

Ubuntu 18.04.5 LTS ubuntu-bionic ttyS0

ubuntu-bionic login: 